<?xml version="1.0" encoding="UTF-8"?>
<testsuite name="Manage user" tests="1" skipped="0" failures="0" errors="0" timestamp="2020-10-26T23:02:20" hostname="DESKTOP-E17N4K9" time="71.346">
  <properties/>
  <testcase name="User can enable an employee" classname="Manage user" time="71.346"/>
  <system-out><![CDATA[]]></system-out>
  <system-err><![CDATA[[Test worker] WARN net.thucydides.core.steps.BaseStepListener - stepStarted: net.thucydides.core.steps.ExecutedStepDescription@33e1c78c
[Test worker] INFO net.thucydides.core.steps.ConsoleLoggingListener - STARTING STEP Given user is loged on page with email "administrador@gmail.com" and Password "password"
[Test worker] INFO io.github.bonigarcia.wdm.WebDriverManager - Using chromedriver 86.0.4240.22 (since Google Chrome 86 is installed in your machine)
[Test worker] INFO io.github.bonigarcia.wdm.WebDriverManager - Exporting webdriver.chrome.driver as C:\Users\hp\.m2\repository\webdriver\chromedriver\win32\86.0.4240.22\chromedriver.exe
Starting ChromeDriver 86.0.4240.22 (398b0743353ff36fb1b82468f63a3a93b4e2e89e-refs/branch-heads/4240@{#378}) on port 42182
Only local connections are allowed.
Please see https://chromedriver.chromium.org/security-considerations for suggestions on keeping ChromeDriver safe.
ChromeDriver was started successfully.
oct 26, 2020 6:02:40 PM org.openqa.selenium.remote.ProtocolHandshake createSession
INFORMACIÃ“N: Detected dialect: W3C
[Test worker] WARN net.thucydides.core.steps.BaseStepListener - stepStarted: net.thucydides.core.steps.ExecutedStepDescription@6c1ab935
[Test worker] INFO net.thucydides.core.steps.ConsoleLoggingListener - STARTING STEP user opens the web site
[Test worker] WARN net.thucydides.core.steps.BaseStepListener - stepStarted: net.thucydides.core.steps.ExecutedStepDescription@77bb85f0
[Test worker] INFO net.thucydides.core.steps.ConsoleLoggingListener - STARTING STEP user opens the Login page
[Test worker] WARN net.thucydides.core.steps.BaseStepListener - stepFinished: current outcome:User can enable an employee:Given user is loged on page with email "administrador@gmail.com" and Password "password" [user opens the web site [user opens the Login page]]
[Test worker] INFO net.thucydides.core.steps.ConsoleLoggingListener - FINISHING STEP
[Test worker] WARN net.thucydides.core.steps.BaseStepListener - stepFinished: current outcome:User can enable an employee:Given user is loged on page with email "administrador@gmail.com" and Password "password" [user opens the web site [user opens the Login page]]
[Test worker] INFO net.thucydides.core.steps.ConsoleLoggingListener - FINISHING STEP
[Test worker] WARN net.thucydides.core.steps.BaseStepListener - stepStarted: net.thucydides.core.steps.ExecutedStepDescription@2fa4b930
[Test worker] INFO net.thucydides.core.steps.ConsoleLoggingListener - STARTING STEP user login site
[Test worker] WARN net.thucydides.core.steps.BaseStepListener - stepStarted: net.thucydides.core.steps.ExecutedStepDescription@5e0613b7
[Test worker] INFO net.thucydides.core.steps.ConsoleLoggingListener - STARTING STEP user enters 'administrador@gmail.com' into 
[Test worker] WARN net.thucydides.core.steps.BaseStepListener - stepFinished: current outcome:User can enable an employee:Given user is loged on page with email "administrador@gmail.com" and Password "password" [user opens the web site [user opens the Login page], user login site [user enters 'administrador@gmail.com' into ]]
[Test worker] INFO net.thucydides.core.steps.ConsoleLoggingListener - FINISHING STEP
[Test worker] WARN net.thucydides.core.steps.BaseStepListener - stepStarted: net.thucydides.core.steps.ExecutedStepDescription@2f256857
[Test worker] INFO net.thucydides.core.steps.ConsoleLoggingListener - STARTING STEP user enters 'password' into 
[Test worker] WARN net.thucydides.core.steps.BaseStepListener - stepFinished: current outcome:User can enable an employee:Given user is loged on page with email "administrador@gmail.com" and Password "password" [user opens the web site [user opens the Login page], user login site [user enters 'administrador@gmail.com' into , user enters 'password' into ]]
[Test worker] INFO net.thucydides.core.steps.ConsoleLoggingListener - FINISHING STEP
[Test worker] WARN net.thucydides.core.steps.BaseStepListener - stepStarted: net.thucydides.core.steps.ExecutedStepDescription@6930beed
[Test worker] INFO net.thucydides.core.steps.ConsoleLoggingListener - STARTING STEP user clicks on 
[Test worker] WARN net.thucydides.core.steps.BaseStepListener - stepFinished: current outcome:User can enable an employee:Given user is loged on page with email "administrador@gmail.com" and Password "password" [user opens the web site [user opens the Login page], user login site [user enters 'administrador@gmail.com' into , user enters 'password' into , user clicks on ]]
[Test worker] INFO net.thucydides.core.steps.ConsoleLoggingListener - FINISHING STEP
[Test worker] WARN net.thucydides.core.steps.BaseStepListener - stepFinished: current outcome:User can enable an employee:Given user is loged on page with email "administrador@gmail.com" and Password "password" [user opens the web site [user opens the Login page], user login site [user enters 'administrador@gmail.com' into , user enters 'password' into , user clicks on ]]
[Test worker] INFO net.thucydides.core.steps.ConsoleLoggingListener - FINISHING STEP
[Test worker] WARN net.thucydides.core.steps.BaseStepListener - stepFinished: current outcome:User can enable an employee:Given user is loged on page with email "administrador@gmail.com" and Password "password" [user opens the web site [user opens the Login page], user login site [user enters 'administrador@gmail.com' into , user enters 'password' into , user clicks on ]]
[Test worker] INFO net.thucydides.core.steps.ConsoleLoggingListener - FINISHING STEP
[Test worker] WARN net.thucydides.core.steps.BaseStepListener - stepStarted: net.thucydides.core.steps.ExecutedStepDescription@68a7be77
[Test worker] INFO net.thucydides.core.steps.ConsoleLoggingListener - STARTING STEP When user searches for the employee jsortiz29@misena.edu.co
[Test worker] WARN net.thucydides.core.steps.BaseStepListener - stepStarted: net.thucydides.core.steps.ExecutedStepDescription@7416ac39
[Test worker] INFO net.thucydides.core.steps.ConsoleLoggingListener - STARTING STEP user consult user information
[Test worker] WARN net.thucydides.core.steps.BaseStepListener - stepStarted: net.thucydides.core.steps.ExecutedStepDescription@13d1d223
[Test worker] INFO net.thucydides.core.steps.ConsoleLoggingListener - STARTING STEP user clicks on 
[Test worker] WARN net.thucydides.core.steps.BaseStepListener - stepFinished: current outcome:User can enable an employee:Given user is loged on page with email "administrador@gmail.com" and Password "password" [user opens the web site [user opens the Login page], user login site [user enters 'administrador@gmail.com' into , user enters 'password' into , user clicks on ]], When user searches for the employee jsortiz29@misena.edu.co [user consult user information [user clicks on ]]
[Test worker] INFO net.thucydides.core.steps.ConsoleLoggingListener - FINISHING STEP
[Test worker] WARN net.thucydides.core.steps.BaseStepListener - stepStarted: net.thucydides.core.steps.ExecutedStepDescription@454723a8
[Test worker] INFO net.thucydides.core.steps.ConsoleLoggingListener - STARTING STEP user enters 'jsortiz29@misena.edu.co' into 
[Test worker] WARN net.thucydides.core.steps.BaseStepListener - stepFinished: current outcome:User can enable an employee:Given user is loged on page with email "administrador@gmail.com" and Password "password" [user opens the web site [user opens the Login page], user login site [user enters 'administrador@gmail.com' into , user enters 'password' into , user clicks on ]], When user searches for the employee jsortiz29@misena.edu.co [user consult user information [user clicks on , user enters 'jsortiz29@misena.edu.co' into ]]
[Test worker] INFO net.thucydides.core.steps.ConsoleLoggingListener - FINISHING STEP
[Test worker] WARN net.thucydides.core.steps.BaseStepListener - stepFinished: current outcome:User can enable an employee:Given user is loged on page with email "administrador@gmail.com" and Password "password" [user opens the web site [user opens the Login page], user login site [user enters 'administrador@gmail.com' into , user enters 'password' into , user clicks on ]], When user searches for the employee jsortiz29@misena.edu.co [user consult user information [user clicks on , user enters 'jsortiz29@misena.edu.co' into ]]
[Test worker] INFO net.thucydides.core.steps.ConsoleLoggingListener - FINISHING STEP
[Test worker] WARN net.thucydides.core.steps.BaseStepListener - stepFinished: current outcome:User can enable an employee:Given user is loged on page with email "administrador@gmail.com" and Password "password" [user opens the web site [user opens the Login page], user login site [user enters 'administrador@gmail.com' into , user enters 'password' into , user clicks on ]], When user searches for the employee jsortiz29@misena.edu.co [user consult user information [user clicks on , user enters 'jsortiz29@misena.edu.co' into ]]
[Test worker] INFO net.thucydides.core.steps.ConsoleLoggingListener - FINISHING STEP
[Test worker] WARN net.thucydides.core.steps.BaseStepListener - stepStarted: net.thucydides.core.steps.ExecutedStepDescription@5d9310f3
[Test worker] INFO net.thucydides.core.steps.ConsoleLoggingListener - STARTING STEP And user select a employee disable jsortiz29@misena.edu.co
[Test worker] WARN net.thucydides.core.steps.BaseStepListener - stepStarted: net.thucydides.core.steps.ExecutedStepDescription@39f67ecd
[Test worker] INFO net.thucydides.core.steps.ConsoleLoggingListener - STARTING STEP user Enable user
[Test worker] WARN net.thucydides.core.steps.BaseStepListener - stepStarted: net.thucydides.core.steps.ExecutedStepDescription@22d0db39
[Test worker] INFO net.thucydides.core.steps.ConsoleLoggingListener - STARTING STEP user clicks on 
[Test worker] WARN net.thucydides.core.steps.BaseStepListener - stepFinished: current outcome:User can enable an employee:Given user is loged on page with email "administrador@gmail.com" and Password "password" [user opens the web site [user opens the Login page], user login site [user enters 'administrador@gmail.com' into , user enters 'password' into , user clicks on ]], When user searches for the employee jsortiz29@misena.edu.co [user consult user information [user clicks on , user enters 'jsortiz29@misena.edu.co' into ]], And user select a employee disable jsortiz29@misena.edu.co [user Enable user [user clicks on ]]
[Test worker] INFO net.thucydides.core.steps.ConsoleLoggingListener - FINISHING STEP
[Test worker] WARN net.thucydides.core.steps.BaseStepListener - stepStarted: net.thucydides.core.steps.ExecutedStepDescription@492fc17b
[Test worker] INFO net.thucydides.core.steps.ConsoleLoggingListener - STARTING STEP user clicks on 
[Test worker] WARN net.thucydides.core.steps.BaseStepListener - stepFinished: current outcome:User can enable an employee:Given user is loged on page with email "administrador@gmail.com" and Password "password" [user opens the web site [user opens the Login page], user login site [user enters 'administrador@gmail.com' into , user enters 'password' into , user clicks on ]], When user searches for the employee jsortiz29@misena.edu.co [user consult user information [user clicks on , user enters 'jsortiz29@misena.edu.co' into ]], And user select a employee disable jsortiz29@misena.edu.co [user Enable user [user clicks on , user clicks on ]]
[Test worker] INFO net.thucydides.core.steps.ConsoleLoggingListener - FINISHING STEP
[Test worker] WARN net.thucydides.core.steps.BaseStepListener - stepFinished: current outcome:User can enable an employee:Given user is loged on page with email "administrador@gmail.com" and Password "password" [user opens the web site [user opens the Login page], user login site [user enters 'administrador@gmail.com' into , user enters 'password' into , user clicks on ]], When user searches for the employee jsortiz29@misena.edu.co [user consult user information [user clicks on , user enters 'jsortiz29@misena.edu.co' into ]], And user select a employee disable jsortiz29@misena.edu.co [user Enable user [user clicks on , user clicks on ]]
[Test worker] INFO net.thucydides.core.steps.ConsoleLoggingListener - FINISHING STEP
[Test worker] WARN net.thucydides.core.steps.BaseStepListener - stepFinished: current outcome:User can enable an employee:Given user is loged on page with email "administrador@gmail.com" and Password "password" [user opens the web site [user opens the Login page], user login site [user enters 'administrador@gmail.com' into , user enters 'password' into , user clicks on ]], When user searches for the employee jsortiz29@misena.edu.co [user consult user information [user clicks on , user enters 'jsortiz29@misena.edu.co' into ]], And user select a employee disable jsortiz29@misena.edu.co [user Enable user [user clicks on , user clicks on ]]
[Test worker] INFO net.thucydides.core.steps.ConsoleLoggingListener - FINISHING STEP
[Test worker] WARN net.thucydides.core.steps.BaseStepListener - stepStarted: net.thucydides.core.steps.ExecutedStepDescription@20e9200e
[Test worker] INFO net.thucydides.core.steps.ConsoleLoggingListener - STARTING STEP Then user sees state enable in employee jsortiz29@misena.edu.co
[Test worker] WARN net.thucydides.core.steps.BaseStepListener - stepStarted: net.thucydides.core.steps.ExecutedStepDescription@1a44adae
[Test worker] INFO net.thucydides.core.steps.ConsoleLoggingListener - STARTING STEP Then result search
[Test worker] WARN net.thucydides.core.steps.BaseStepListener - stepFinished: current outcome:User can enable an employee:Given user is loged on page with email "administrador@gmail.com" and Password "password" [user opens the web site [user opens the Login page], user login site [user enters 'administrador@gmail.com' into , user enters 'password' into , user clicks on ]], When user searches for the employee jsortiz29@misena.edu.co [user consult user information [user clicks on , user enters 'jsortiz29@misena.edu.co' into ]], And user select a employee disable jsortiz29@misena.edu.co [user Enable user [user clicks on , user clicks on ]], Then user sees state enable in employee jsortiz29@misena.edu.co [Then result search]
[Test worker] INFO net.thucydides.core.steps.ConsoleLoggingListener - FINISHING STEP
[Test worker] WARN net.thucydides.core.steps.BaseStepListener - stepFinished: current outcome:User can enable an employee:Given user is loged on page with email "administrador@gmail.com" and Password "password" [user opens the web site [user opens the Login page], user login site [user enters 'administrador@gmail.com' into , user enters 'password' into , user clicks on ]], When user searches for the employee jsortiz29@misena.edu.co [user consult user information [user clicks on , user enters 'jsortiz29@misena.edu.co' into ]], And user select a employee disable jsortiz29@misena.edu.co [user Enable user [user clicks on , user clicks on ]], Then user sees state enable in employee jsortiz29@misena.edu.co [Then result search]
[Test worker] INFO net.thucydides.core.steps.ConsoleLoggingListener - FINISHING STEP
[Test worker] WARN net.thucydides.core.steps.BaseStepListener - testFinished: User can enable an employee:Given user is loged on page with email "administrador@gmail.com" and Password "password" [user opens the web site [user opens the Login page], user login site [user enters 'administrador@gmail.com' into , user enters 'password' into , user clicks on ]], When user searches for the employee jsortiz29@misena.edu.co [user consult user information [user clicks on , user enters 'jsortiz29@misena.edu.co' into ]], And user select a employee disable jsortiz29@misena.edu.co [user Enable user [user clicks on , user clicks on ]], Then user sees state enable in employee jsortiz29@misena.edu.co [Then result search]
[Test worker] WARN net.thucydides.core.steps.BaseStepListener - TestOutcomes: [User can enable an employee:Given user is loged on page with email "administrador@gmail.com" and Password "password" [user opens the web site [user opens the Login page], user login site [user enters 'administrador@gmail.com' into , user enters 'password' into , user clicks on ]], When user searches for the employee jsortiz29@misena.edu.co [user consult user information [user clicks on , user enters 'jsortiz29@misena.edu.co' into ]], And user select a employee disable jsortiz29@misena.edu.co [user Enable user [user clicks on , user clicks on ]], Then user sees state enable in employee jsortiz29@misena.edu.co [Then result search]]
[Test worker] WARN net.thucydides.core.steps.BaseStepListener - Final testOutcomes: [User can enable an employee:Given user is loged on page with email "administrador@gmail.com" and Password "password" [user opens the web site [user opens the Login page], user login site [user enters 'administrador@gmail.com' into , user enters 'password' into , user clicks on ]], When user searches for the employee jsortiz29@misena.edu.co [user consult user information [user clicks on , user enters 'jsortiz29@misena.edu.co' into ]], And user select a employee disable jsortiz29@misena.edu.co [user Enable user [user clicks on , user clicks on ]], Then user sees state enable in employee jsortiz29@misena.edu.co [Then result search]]
[Test worker] INFO net.thucydides.core.steps.ConsoleLoggingListener - ?[92m
        __    _____ _____ ____ _____   ____   _    ____  ____  _____ ____  
  _     \ \  |_   _| ____/ ___|_   _| |  _ \ / \  / ___|/ ___|| ____|  _ \ 
 (_)_____| |   | | |  _| \___ \ | |   | |_) / _ \ \___ \\___ \|  _| | | | |
  _|_____| |   | | | |___ ___) || |   |  __/ ___ \ ___) |___) | |___| |_| |
 (_)     | |   |_| |_____|____/ |_|   |_| /_/   \_\____/|____/|_____|____/ 
        /_/                                                                

TEST PASSED: User can enable an employee
----------------------------------------------------------------------------?[0m
]]></system-err>
</testsuite>
