<?xml version="1.0" encoding="UTF-8"?>
<testsuite name="Manage user" tests="1" skipped="0" failures="0" errors="0" timestamp="2020-10-07T19:00:14" hostname="DESKTOP-35IE40O" time="67.869">
  <properties/>
  <testcase name="User can consult the information of a user" classname="Manage user" time="67.869"/>
  <system-out><![CDATA[]]></system-out>
  <system-err><![CDATA[[Test worker] WARN net.thucydides.core.steps.BaseStepListener - stepStarted: net.thucydides.core.steps.ExecutedStepDescription@1cc3bf2
[Test worker] INFO net.thucydides.core.steps.ConsoleLoggingListener - STARTING STEP Given user is loged on page with email "administrador@gmail.com" and Password "password"
[Test worker] INFO io.github.bonigarcia.wdm.WebDriverManager - Using chromedriver 85.0.4183.87 (since Google Chrome 85 is installed in your machine)
[Test worker] INFO io.github.bonigarcia.wdm.WebDriverManager - Exporting webdriver.chrome.driver as C:\Users\ASUS\.m2\repository\webdriver\chromedriver\win32\85.0.4183.87\chromedriver.exe
Starting ChromeDriver 85.0.4183.87 (cd6713ebf92fa1cacc0f1a598df280093af0c5d7-refs/branch-heads/4183@{#1689}) on port 8699
Only local connections are allowed.
Please see https://chromedriver.chromium.org/security-considerations for suggestions on keeping ChromeDriver safe.
ChromeDriver was started successfully.
oct 07, 2020 2:00:19 PM org.openqa.selenium.remote.ProtocolHandshake createSession
INFORMACIÃ“N: Detected dialect: W3C
[Test worker] WARN net.thucydides.core.steps.BaseStepListener - stepStarted: net.thucydides.core.steps.ExecutedStepDescription@15f139a
[Test worker] INFO net.thucydides.core.steps.ConsoleLoggingListener - STARTING STEP default opens the web site
[Test worker] WARN net.thucydides.core.steps.BaseStepListener - stepStarted: net.thucydides.core.steps.ExecutedStepDescription@17afe73
[Test worker] INFO net.thucydides.core.steps.ConsoleLoggingListener - STARTING STEP default opens the Login page
[Test worker] WARN net.thucydides.core.steps.BaseStepListener - stepFinished: current outcome:User can consult the information of a user:Example: {email=administrador@gmail.com, password=password} [Given user is loged on page with email "administrador@gmail.com" and Password "password" [default opens the web site [default opens the Login page]]]
[Test worker] INFO net.thucydides.core.steps.ConsoleLoggingListener - FINISHING STEP
[Test worker] WARN net.thucydides.core.steps.BaseStepListener - stepFinished: current outcome:User can consult the information of a user:Example: {email=administrador@gmail.com, password=password} [Given user is loged on page with email "administrador@gmail.com" and Password "password" [default opens the web site [default opens the Login page]]]
[Test worker] INFO net.thucydides.core.steps.ConsoleLoggingListener - FINISHING STEP
[Test worker] WARN net.thucydides.core.steps.BaseStepListener - stepStarted: net.thucydides.core.steps.ExecutedStepDescription@167e1f
[Test worker] INFO net.thucydides.core.steps.ConsoleLoggingListener - STARTING STEP default Login site
[Test worker] WARN net.thucydides.core.steps.BaseStepListener - stepStarted: net.thucydides.core.steps.ExecutedStepDescription@3f6c0e
[Test worker] INFO net.thucydides.core.steps.ConsoleLoggingListener - STARTING STEP default enters 'administrador@gmail.com' into 
[Test worker] WARN net.thucydides.core.steps.BaseStepListener - stepFinished: current outcome:User can consult the information of a user:Example: {email=administrador@gmail.com, password=password} [Given user is loged on page with email "administrador@gmail.com" and Password "password" [default opens the web site [default opens the Login page], default Login site [default enters 'administrador@gmail.com' into ]]]
[Test worker] INFO net.thucydides.core.steps.ConsoleLoggingListener - FINISHING STEP
[Test worker] WARN net.thucydides.core.steps.BaseStepListener - stepStarted: net.thucydides.core.steps.ExecutedStepDescription@15a58e8
[Test worker] INFO net.thucydides.core.steps.ConsoleLoggingListener - STARTING STEP default enters 'password' into 
[Test worker] WARN net.thucydides.core.steps.BaseStepListener - stepFinished: current outcome:User can consult the information of a user:Example: {email=administrador@gmail.com, password=password} [Given user is loged on page with email "administrador@gmail.com" and Password "password" [default opens the web site [default opens the Login page], default Login site [default enters 'administrador@gmail.com' into , default enters 'password' into ]]]
[Test worker] INFO net.thucydides.core.steps.ConsoleLoggingListener - FINISHING STEP
[Test worker] WARN net.thucydides.core.steps.BaseStepListener - stepStarted: net.thucydides.core.steps.ExecutedStepDescription@1a6e057
[Test worker] INFO net.thucydides.core.steps.ConsoleLoggingListener - STARTING STEP default clicks on 
[Test worker] WARN net.thucydides.core.steps.BaseStepListener - stepFinished: current outcome:User can consult the information of a user:Example: {email=administrador@gmail.com, password=password} [Given user is loged on page with email "administrador@gmail.com" and Password "password" [default opens the web site [default opens the Login page], default Login site [default enters 'administrador@gmail.com' into , default enters 'password' into , default clicks on ]]]
[Test worker] INFO net.thucydides.core.steps.ConsoleLoggingListener - FINISHING STEP
[Test worker] WARN net.thucydides.core.steps.BaseStepListener - stepFinished: current outcome:User can consult the information of a user:Example: {email=administrador@gmail.com, password=password} [Given user is loged on page with email "administrador@gmail.com" and Password "password" [default opens the web site [default opens the Login page], default Login site [default enters 'administrador@gmail.com' into , default enters 'password' into , default clicks on ]]]
[Test worker] INFO net.thucydides.core.steps.ConsoleLoggingListener - FINISHING STEP
[Test worker] WARN net.thucydides.core.steps.BaseStepListener - stepFinished: current outcome:User can consult the information of a user:Example: {email=administrador@gmail.com, password=password} [Given user is loged on page with email "administrador@gmail.com" and Password "password" [default opens the web site [default opens the Login page], default Login site [default enters 'administrador@gmail.com' into , default enters 'password' into , default clicks on ]]]
[Test worker] INFO net.thucydides.core.steps.ConsoleLoggingListener - FINISHING STEP
[Test worker] WARN net.thucydides.core.steps.BaseStepListener - stepStarted: net.thucydides.core.steps.ExecutedStepDescription@1d180e3
[Test worker] INFO net.thucydides.core.steps.ConsoleLoggingListener - STARTING STEP When user searches for the user "Administrator de flotas"
[Test worker] WARN net.thucydides.core.steps.BaseStepListener - stepStarted: net.thucydides.core.steps.ExecutedStepDescription@1e030ea
[Test worker] INFO net.thucydides.core.steps.ConsoleLoggingListener - STARTING STEP default Logout site
[Test worker] WARN net.thucydides.core.steps.BaseStepListener - stepStarted: net.thucydides.core.steps.ExecutedStepDescription@1877e0
[Test worker] INFO net.thucydides.core.steps.ConsoleLoggingListener - STARTING STEP default clicks on 
[Test worker] WARN net.thucydides.core.steps.BaseStepListener - stepFinished: current outcome:User can consult the information of a user:Example: {email=administrador@gmail.com, password=password} [Given user is loged on page with email "administrador@gmail.com" and Password "password" [default opens the web site [default opens the Login page], default Login site [default enters 'administrador@gmail.com' into , default enters 'password' into , default clicks on ]], When user searches for the user "Administrator de flotas" [default Logout site [default clicks on ]]]
[Test worker] INFO net.thucydides.core.steps.ConsoleLoggingListener - FINISHING STEP
[Test worker] WARN net.thucydides.core.steps.BaseStepListener - stepStarted: net.thucydides.core.steps.ExecutedStepDescription@8c606b
[Test worker] INFO net.thucydides.core.steps.ConsoleLoggingListener - STARTING STEP default enters 'Administrator de flotas' into 
[Test worker] WARN net.thucydides.core.steps.BaseStepListener - stepFinished: current outcome:User can consult the information of a user:Example: {email=administrador@gmail.com, password=password} [Given user is loged on page with email "administrador@gmail.com" and Password "password" [default opens the web site [default opens the Login page], default Login site [default enters 'administrador@gmail.com' into , default enters 'password' into , default clicks on ]], When user searches for the user "Administrator de flotas" [default Logout site [default clicks on , default enters 'Administrator de flotas' into ]]]
[Test worker] INFO net.thucydides.core.steps.ConsoleLoggingListener - FINISHING STEP
[Test worker] WARN net.thucydides.core.steps.BaseStepListener - stepFinished: current outcome:User can consult the information of a user:Example: {email=administrador@gmail.com, password=password} [Given user is loged on page with email "administrador@gmail.com" and Password "password" [default opens the web site [default opens the Login page], default Login site [default enters 'administrador@gmail.com' into , default enters 'password' into , default clicks on ]], When user searches for the user "Administrator de flotas" [default Logout site [default clicks on , default enters 'Administrator de flotas' into ]]]
[Test worker] INFO net.thucydides.core.steps.ConsoleLoggingListener - FINISHING STEP
[Test worker] WARN net.thucydides.core.steps.BaseStepListener - stepFinished: current outcome:User can consult the information of a user:Example: {email=administrador@gmail.com, password=password} [Given user is loged on page with email "administrador@gmail.com" and Password "password" [default opens the web site [default opens the Login page], default Login site [default enters 'administrador@gmail.com' into , default enters 'password' into , default clicks on ]], When user searches for the user "Administrator de flotas" [default Logout site [default clicks on , default enters 'Administrator de flotas' into ]]]
[Test worker] INFO net.thucydides.core.steps.ConsoleLoggingListener - FINISHING STEP
[Test worker] WARN net.thucydides.core.steps.BaseStepListener - stepStarted: net.thucydides.core.steps.ExecutedStepDescription@1c59d45
[Test worker] INFO net.thucydides.core.steps.ConsoleLoggingListener - STARTING STEP Then user sees user information
[Test worker] WARN net.thucydides.core.steps.BaseStepListener - stepFinished: current outcome:User can consult the information of a user:Example: {email=administrador@gmail.com, password=password} [Given user is loged on page with email "administrador@gmail.com" and Password "password" [default opens the web site [default opens the Login page], default Login site [default enters 'administrador@gmail.com' into , default enters 'password' into , default clicks on ]], When user searches for the user "Administrator de flotas" [default Logout site [default clicks on , default enters 'Administrator de flotas' into ]], Then user sees user information]
[Test worker] INFO net.thucydides.core.steps.ConsoleLoggingListener - FINISHING STEP
[Test worker] WARN net.thucydides.core.steps.BaseStepListener - stepFinished: current outcome:User can consult the information of a user:Example: {email=administrador@gmail.com, password=password} [Given user is loged on page with email "administrador@gmail.com" and Password "password" [default opens the web site [default opens the Login page], default Login site [default enters 'administrador@gmail.com' into , default enters 'password' into , default clicks on ]], When user searches for the user "Administrator de flotas" [default Logout site [default clicks on , default enters 'Administrator de flotas' into ]], Then user sees user information]
[Test worker] INFO net.thucydides.core.steps.ConsoleLoggingListener - FINISHING STEP
[Test worker] WARN net.thucydides.core.steps.BaseStepListener - testFinished: User can consult the information of a user:Example: {email=administrador@gmail.com, password=password} [Given user is loged on page with email "administrador@gmail.com" and Password "password" [default opens the web site [default opens the Login page], default Login site [default enters 'administrador@gmail.com' into , default enters 'password' into , default clicks on ]], When user searches for the user "Administrator de flotas" [default Logout site [default clicks on , default enters 'Administrator de flotas' into ]], Then user sees user information]
[Test worker] WARN net.thucydides.core.steps.BaseStepListener - TestOutcomes: [User can consult the information of a user:Example: {email=administrador@gmail.com, password=password} [Given user is loged on page with email "administrador@gmail.com" and Password "password" [default opens the web site [default opens the Login page], default Login site [default enters 'administrador@gmail.com' into , default enters 'password' into , default clicks on ]], When user searches for the user "Administrator de flotas" [default Logout site [default clicks on , default enters 'Administrator de flotas' into ]], Then user sees user information]]
[Test worker] WARN net.thucydides.core.steps.BaseStepListener - Final testOutcomes: [User can consult the information of a user:Example: {email=administrador@gmail.com, password=password} [Given user is loged on page with email "administrador@gmail.com" and Password "password" [default opens the web site [default opens the Login page], default Login site [default enters 'administrador@gmail.com' into , default enters 'password' into , default clicks on ]], When user searches for the user "Administrator de flotas" [default Logout site [default clicks on , default enters 'Administrator de flotas' into ]], Then user sees user information]]
[Test worker] INFO net.thucydides.core.steps.ConsoleLoggingListener - ?[92m
        __    _____ _____ ____ _____   ____   _    ____  ____  _____ ____  
  _     \ \  |_   _| ____/ ___|_   _| |  _ \ / \  / ___|/ ___|| ____|  _ \ 
 (_)_____| |   | | |  _| \___ \ | |   | |_) / _ \ \___ \\___ \|  _| | | | |
  _|_____| |   | | | |___ ___) || |   |  __/ ___ \ ___) |___) | |___| |_| |
 (_)     | |   |_| |_____|____/ |_|   |_| /_/   \_\____/|____/|_____|____/ 
        /_/                                                                

TEST PASSED: User can consult the information of a user
----------------------------------------------------------------------------?[0m
]]></system-err>
</testsuite>
