<?xml version="1.0" encoding="UTF-8"?>
<testsuite name="Manage customer" tests="1" skipped="0" failures="0" errors="0" timestamp="2020-10-28T23:29:43" hostname="DESKTOP-E17N4K9" time="120.11">
  <properties/>
  <testcase name="User can consult customer details" classname="Manage customer" time="120.11"/>
  <system-out><![CDATA[]]></system-out>
  <system-err><![CDATA[[Test worker] WARN net.thucydides.core.steps.BaseStepListener - stepStarted: net.thucydides.core.steps.ExecutedStepDescription@164e5354
[Test worker] INFO net.thucydides.core.steps.ConsoleLoggingListener - STARTING STEP Given user is loged on page with email "administrador@gmail.com" and Password "password"
[Test worker] INFO io.github.bonigarcia.wdm.WebDriverManager - Using chromedriver 86.0.4240.22 (since Google Chrome 86 is installed in your machine)
[Test worker] INFO io.github.bonigarcia.wdm.WebDriverManager - Exporting webdriver.chrome.driver as C:\Users\hp\.m2\repository\webdriver\chromedriver\win32\86.0.4240.22\chromedriver.exe
Starting ChromeDriver 86.0.4240.22 (398b0743353ff36fb1b82468f63a3a93b4e2e89e-refs/branch-heads/4240@{#378}) on port 23928
Only local connections are allowed.
Please see https://chromedriver.chromium.org/security-considerations for suggestions on keeping ChromeDriver safe.
ChromeDriver was started successfully.
oct 28, 2020 6:30:28 PM org.openqa.selenium.remote.ProtocolHandshake createSession
INFORMACIÓN: Detected dialect: W3C
[Test worker] WARN net.thucydides.core.steps.BaseStepListener - stepStarted: net.thucydides.core.steps.ExecutedStepDescription@3a9950d4
[Test worker] INFO net.thucydides.core.steps.ConsoleLoggingListener - STARTING STEP user opens the web site
[Test worker] WARN net.thucydides.core.steps.BaseStepListener - stepStarted: net.thucydides.core.steps.ExecutedStepDescription@2ecfcd2c
[Test worker] INFO net.thucydides.core.steps.ConsoleLoggingListener - STARTING STEP user opens the Login page
[Test worker] WARN net.thucydides.core.steps.BaseStepListener - stepFinished: current outcome:User can consult customer details:Example: {name=CONCRETOS ARGOS S.A, email=mantenimientozno@argos.com.co, nit=860350697-4, address=CALLE 72 #  64C - 55 Medellín, tel=3456778, contact=ING. ALEJANDRO TABORDA, emailcontact=mgiraldoe@argos.com.co, cel=3006786789} [Given user is loged on page with email "administrador@gmail.com" and Password "password" [user opens the web site [user opens the Login page]]]
[Test worker] INFO net.thucydides.core.steps.ConsoleLoggingListener - FINISHING STEP
[Test worker] WARN net.thucydides.core.steps.BaseStepListener - stepFinished: current outcome:User can consult customer details:Example: {name=CONCRETOS ARGOS S.A, email=mantenimientozno@argos.com.co, nit=860350697-4, address=CALLE 72 #  64C - 55 Medellín, tel=3456778, contact=ING. ALEJANDRO TABORDA, emailcontact=mgiraldoe@argos.com.co, cel=3006786789} [Given user is loged on page with email "administrador@gmail.com" and Password "password" [user opens the web site [user opens the Login page]]]
[Test worker] INFO net.thucydides.core.steps.ConsoleLoggingListener - FINISHING STEP
[Test worker] WARN net.thucydides.core.steps.BaseStepListener - stepStarted: net.thucydides.core.steps.ExecutedStepDescription@367ad14d
[Test worker] INFO net.thucydides.core.steps.ConsoleLoggingListener - STARTING STEP user login site
[Test worker] WARN net.thucydides.core.steps.BaseStepListener - stepStarted: net.thucydides.core.steps.ExecutedStepDescription@6db21bc8
[Test worker] INFO net.thucydides.core.steps.ConsoleLoggingListener - STARTING STEP user enters 'administrador@gmail.com' into 
[Test worker] WARN net.thucydides.core.steps.BaseStepListener - stepFinished: current outcome:User can consult customer details:Example: {name=CONCRETOS ARGOS S.A, email=mantenimientozno@argos.com.co, nit=860350697-4, address=CALLE 72 #  64C - 55 Medellín, tel=3456778, contact=ING. ALEJANDRO TABORDA, emailcontact=mgiraldoe@argos.com.co, cel=3006786789} [Given user is loged on page with email "administrador@gmail.com" and Password "password" [user opens the web site [user opens the Login page], user login site [user enters 'administrador@gmail.com' into ]]]
[Test worker] INFO net.thucydides.core.steps.ConsoleLoggingListener - FINISHING STEP
[Test worker] WARN net.thucydides.core.steps.BaseStepListener - stepStarted: net.thucydides.core.steps.ExecutedStepDescription@2e12a492
[Test worker] INFO net.thucydides.core.steps.ConsoleLoggingListener - STARTING STEP user enters 'password' into 
[Test worker] WARN net.thucydides.core.steps.BaseStepListener - stepFinished: current outcome:User can consult customer details:Example: {name=CONCRETOS ARGOS S.A, email=mantenimientozno@argos.com.co, nit=860350697-4, address=CALLE 72 #  64C - 55 Medellín, tel=3456778, contact=ING. ALEJANDRO TABORDA, emailcontact=mgiraldoe@argos.com.co, cel=3006786789} [Given user is loged on page with email "administrador@gmail.com" and Password "password" [user opens the web site [user opens the Login page], user login site [user enters 'administrador@gmail.com' into , user enters 'password' into ]]]
[Test worker] INFO net.thucydides.core.steps.ConsoleLoggingListener - FINISHING STEP
[Test worker] WARN net.thucydides.core.steps.BaseStepListener - stepStarted: net.thucydides.core.steps.ExecutedStepDescription@3daa7a50
[Test worker] INFO net.thucydides.core.steps.ConsoleLoggingListener - STARTING STEP user clicks on 
[Test worker] WARN net.thucydides.core.steps.BaseStepListener - stepFinished: current outcome:User can consult customer details:Example: {name=CONCRETOS ARGOS S.A, email=mantenimientozno@argos.com.co, nit=860350697-4, address=CALLE 72 #  64C - 55 Medellín, tel=3456778, contact=ING. ALEJANDRO TABORDA, emailcontact=mgiraldoe@argos.com.co, cel=3006786789} [Given user is loged on page with email "administrador@gmail.com" and Password "password" [user opens the web site [user opens the Login page], user login site [user enters 'administrador@gmail.com' into , user enters 'password' into , user clicks on ]]]
[Test worker] INFO net.thucydides.core.steps.ConsoleLoggingListener - FINISHING STEP
[Test worker] WARN net.thucydides.core.steps.BaseStepListener - stepFinished: current outcome:User can consult customer details:Example: {name=CONCRETOS ARGOS S.A, email=mantenimientozno@argos.com.co, nit=860350697-4, address=CALLE 72 #  64C - 55 Medellín, tel=3456778, contact=ING. ALEJANDRO TABORDA, emailcontact=mgiraldoe@argos.com.co, cel=3006786789} [Given user is loged on page with email "administrador@gmail.com" and Password "password" [user opens the web site [user opens the Login page], user login site [user enters 'administrador@gmail.com' into , user enters 'password' into , user clicks on ]]]
[Test worker] INFO net.thucydides.core.steps.ConsoleLoggingListener - FINISHING STEP
[Test worker] WARN net.thucydides.core.steps.BaseStepListener - stepFinished: current outcome:User can consult customer details:Example: {name=CONCRETOS ARGOS S.A, email=mantenimientozno@argos.com.co, nit=860350697-4, address=CALLE 72 #  64C - 55 Medellín, tel=3456778, contact=ING. ALEJANDRO TABORDA, emailcontact=mgiraldoe@argos.com.co, cel=3006786789} [Given user is loged on page with email "administrador@gmail.com" and Password "password" [user opens the web site [user opens the Login page], user login site [user enters 'administrador@gmail.com' into , user enters 'password' into , user clicks on ]]]
[Test worker] INFO net.thucydides.core.steps.ConsoleLoggingListener - FINISHING STEP
[Test worker] WARN net.thucydides.core.steps.BaseStepListener - stepStarted: net.thucydides.core.steps.ExecutedStepDescription@974c43d
[Test worker] INFO net.thucydides.core.steps.ConsoleLoggingListener - STARTING STEP When user search an customer CONCRETOS ARGOS S.A
[Test worker] WARN net.thucydides.core.steps.BaseStepListener - stepStarted: net.thucydides.core.steps.ExecutedStepDescription@15653b9
[Test worker] INFO net.thucydides.core.steps.ConsoleLoggingListener - STARTING STEP user consult customer information
[Test worker] WARN net.thucydides.core.steps.BaseStepListener - stepStarted: net.thucydides.core.steps.ExecutedStepDescription@16d9c661
[Test worker] INFO net.thucydides.core.steps.ConsoleLoggingListener - STARTING STEP user clicks on 
[Test worker] WARN net.thucydides.core.steps.BaseStepListener - stepFinished: current outcome:User can consult customer details:Example: {name=CONCRETOS ARGOS S.A, email=mantenimientozno@argos.com.co, nit=860350697-4, address=CALLE 72 #  64C - 55 Medellín, tel=3456778, contact=ING. ALEJANDRO TABORDA, emailcontact=mgiraldoe@argos.com.co, cel=3006786789} [Given user is loged on page with email "administrador@gmail.com" and Password "password" [user opens the web site [user opens the Login page], user login site [user enters 'administrador@gmail.com' into , user enters 'password' into , user clicks on ]], When user search an customer CONCRETOS ARGOS S.A [user consult customer information [user clicks on ]]]
[Test worker] INFO net.thucydides.core.steps.ConsoleLoggingListener - FINISHING STEP
[Test worker] WARN net.thucydides.core.steps.BaseStepListener - stepStarted: net.thucydides.core.steps.ExecutedStepDescription@ea221ea
[Test worker] INFO net.thucydides.core.steps.ConsoleLoggingListener - STARTING STEP user enters 'CONCRETOS ARGOS S.A' into 
[Test worker] WARN net.thucydides.core.steps.BaseStepListener - stepFinished: current outcome:User can consult customer details:Example: {name=CONCRETOS ARGOS S.A, email=mantenimientozno@argos.com.co, nit=860350697-4, address=CALLE 72 #  64C - 55 Medellín, tel=3456778, contact=ING. ALEJANDRO TABORDA, emailcontact=mgiraldoe@argos.com.co, cel=3006786789} [Given user is loged on page with email "administrador@gmail.com" and Password "password" [user opens the web site [user opens the Login page], user login site [user enters 'administrador@gmail.com' into , user enters 'password' into , user clicks on ]], When user search an customer CONCRETOS ARGOS S.A [user consult customer information [user clicks on , user enters 'CONCRETOS ARGOS S.A' into ]]]
[Test worker] INFO net.thucydides.core.steps.ConsoleLoggingListener - FINISHING STEP
[Test worker] WARN net.thucydides.core.steps.BaseStepListener - stepFinished: current outcome:User can consult customer details:Example: {name=CONCRETOS ARGOS S.A, email=mantenimientozno@argos.com.co, nit=860350697-4, address=CALLE 72 #  64C - 55 Medellín, tel=3456778, contact=ING. ALEJANDRO TABORDA, emailcontact=mgiraldoe@argos.com.co, cel=3006786789} [Given user is loged on page with email "administrador@gmail.com" and Password "password" [user opens the web site [user opens the Login page], user login site [user enters 'administrador@gmail.com' into , user enters 'password' into , user clicks on ]], When user search an customer CONCRETOS ARGOS S.A [user consult customer information [user clicks on , user enters 'CONCRETOS ARGOS S.A' into ]]]
[Test worker] INFO net.thucydides.core.steps.ConsoleLoggingListener - FINISHING STEP
[Test worker] WARN net.thucydides.core.steps.BaseStepListener - stepFinished: current outcome:User can consult customer details:Example: {name=CONCRETOS ARGOS S.A, email=mantenimientozno@argos.com.co, nit=860350697-4, address=CALLE 72 #  64C - 55 Medellín, tel=3456778, contact=ING. ALEJANDRO TABORDA, emailcontact=mgiraldoe@argos.com.co, cel=3006786789} [Given user is loged on page with email "administrador@gmail.com" and Password "password" [user opens the web site [user opens the Login page], user login site [user enters 'administrador@gmail.com' into , user enters 'password' into , user clicks on ]], When user search an customer CONCRETOS ARGOS S.A [user consult customer information [user clicks on , user enters 'CONCRETOS ARGOS S.A' into ]]]
[Test worker] INFO net.thucydides.core.steps.ConsoleLoggingListener - FINISHING STEP
[Test worker] WARN net.thucydides.core.steps.BaseStepListener - stepStarted: net.thucydides.core.steps.ExecutedStepDescription@6e1d9b3
[Test worker] INFO net.thucydides.core.steps.ConsoleLoggingListener - STARTING STEP And user select an customer CONCRETOS ARGOS S.A
[Test worker] WARN net.thucydides.core.steps.BaseStepListener - stepStarted: net.thucydides.core.steps.ExecutedStepDescription@677d75ac
[Test worker] INFO net.thucydides.core.steps.ConsoleLoggingListener - STARTING STEP user details customer
[Test worker] WARN net.thucydides.core.steps.BaseStepListener - stepStarted: net.thucydides.core.steps.ExecutedStepDescription@44588e17
[Test worker] INFO net.thucydides.core.steps.ConsoleLoggingListener - STARTING STEP user clicks on 
[Test worker] WARN net.thucydides.core.steps.BaseStepListener - stepFinished: current outcome:User can consult customer details:Example: {name=CONCRETOS ARGOS S.A, email=mantenimientozno@argos.com.co, nit=860350697-4, address=CALLE 72 #  64C - 55 Medellín, tel=3456778, contact=ING. ALEJANDRO TABORDA, emailcontact=mgiraldoe@argos.com.co, cel=3006786789} [Given user is loged on page with email "administrador@gmail.com" and Password "password" [user opens the web site [user opens the Login page], user login site [user enters 'administrador@gmail.com' into , user enters 'password' into , user clicks on ]], When user search an customer CONCRETOS ARGOS S.A [user consult customer information [user clicks on , user enters 'CONCRETOS ARGOS S.A' into ]], And user select an customer CONCRETOS ARGOS S.A [user details customer [user clicks on ]]]
[Test worker] INFO net.thucydides.core.steps.ConsoleLoggingListener - FINISHING STEP
[Test worker] WARN net.thucydides.core.steps.BaseStepListener - stepStarted: net.thucydides.core.steps.ExecutedStepDescription@3f88b00e
[Test worker] INFO net.thucydides.core.steps.ConsoleLoggingListener - STARTING STEP user clicks on 
[Test worker] WARN net.thucydides.core.steps.BaseStepListener - stepFinished: current outcome:User can consult customer details:Example: {name=CONCRETOS ARGOS S.A, email=mantenimientozno@argos.com.co, nit=860350697-4, address=CALLE 72 #  64C - 55 Medellín, tel=3456778, contact=ING. ALEJANDRO TABORDA, emailcontact=mgiraldoe@argos.com.co, cel=3006786789} [Given user is loged on page with email "administrador@gmail.com" and Password "password" [user opens the web site [user opens the Login page], user login site [user enters 'administrador@gmail.com' into , user enters 'password' into , user clicks on ]], When user search an customer CONCRETOS ARGOS S.A [user consult customer information [user clicks on , user enters 'CONCRETOS ARGOS S.A' into ]], And user select an customer CONCRETOS ARGOS S.A [user details customer [user clicks on , user clicks on ]]]
[Test worker] INFO net.thucydides.core.steps.ConsoleLoggingListener - FINISHING STEP
[Test worker] WARN net.thucydides.core.steps.BaseStepListener - stepFinished: current outcome:User can consult customer details:Example: {name=CONCRETOS ARGOS S.A, email=mantenimientozno@argos.com.co, nit=860350697-4, address=CALLE 72 #  64C - 55 Medellín, tel=3456778, contact=ING. ALEJANDRO TABORDA, emailcontact=mgiraldoe@argos.com.co, cel=3006786789} [Given user is loged on page with email "administrador@gmail.com" and Password "password" [user opens the web site [user opens the Login page], user login site [user enters 'administrador@gmail.com' into , user enters 'password' into , user clicks on ]], When user search an customer CONCRETOS ARGOS S.A [user consult customer information [user clicks on , user enters 'CONCRETOS ARGOS S.A' into ]], And user select an customer CONCRETOS ARGOS S.A [user details customer [user clicks on , user clicks on ]]]
[Test worker] INFO net.thucydides.core.steps.ConsoleLoggingListener - FINISHING STEP
[Test worker] WARN net.thucydides.core.steps.BaseStepListener - stepFinished: current outcome:User can consult customer details:Example: {name=CONCRETOS ARGOS S.A, email=mantenimientozno@argos.com.co, nit=860350697-4, address=CALLE 72 #  64C - 55 Medellín, tel=3456778, contact=ING. ALEJANDRO TABORDA, emailcontact=mgiraldoe@argos.com.co, cel=3006786789} [Given user is loged on page with email "administrador@gmail.com" and Password "password" [user opens the web site [user opens the Login page], user login site [user enters 'administrador@gmail.com' into , user enters 'password' into , user clicks on ]], When user search an customer CONCRETOS ARGOS S.A [user consult customer information [user clicks on , user enters 'CONCRETOS ARGOS S.A' into ]], And user select an customer CONCRETOS ARGOS S.A [user details customer [user clicks on , user clicks on ]]]
[Test worker] INFO net.thucydides.core.steps.ConsoleLoggingListener - FINISHING STEP
[Test worker] WARN net.thucydides.core.steps.BaseStepListener - stepStarted: net.thucydides.core.steps.ExecutedStepDescription@58d112c0
[Test worker] INFO net.thucydides.core.steps.ConsoleLoggingListener - STARTING STEP Then user sees customer information
| name | email | nit | address | tel | contact | emailcontact | cel |
| CONCRETOS ARGOS S.A | mantenimientozno@argos.com.co | 860350697-4 | CALLE 72 #  64C - 55 Medellín | 3456778 | ING. ALEJANDRO TABORDA | mgiraldoe@argos.com.co | 3006786789 |
[Test worker] WARN net.thucydides.core.steps.BaseStepListener - stepStarted: net.thucydides.core.steps.ExecutedStepDescription@5cd111dd
[Test worker] INFO net.thucydides.core.steps.ConsoleLoggingListener - STARTING STEP Then result search updated customer
[Test worker] WARN net.thucydides.core.steps.BaseStepListener - stepFinished: current outcome:User can consult customer details:Example: {name=CONCRETOS ARGOS S.A, email=mantenimientozno@argos.com.co, nit=860350697-4, address=CALLE 72 #  64C - 55 Medellín, tel=3456778, contact=ING. ALEJANDRO TABORDA, emailcontact=mgiraldoe@argos.com.co, cel=3006786789} [Given user is loged on page with email "administrador@gmail.com" and Password "password" [user opens the web site [user opens the Login page], user login site [user enters 'administrador@gmail.com' into , user enters 'password' into , user clicks on ]], When user search an customer CONCRETOS ARGOS S.A [user consult customer information [user clicks on , user enters 'CONCRETOS ARGOS S.A' into ]], And user select an customer CONCRETOS ARGOS S.A [user details customer [user clicks on , user clicks on ]], Then user sees customer information
| name | email | nit | address | tel | contact | emailcontact | cel |
| CONCRETOS ARGOS S.A | mantenimientozno@argos.com.co | 860350697-4 | CALLE 72 #  64C - 55 Medellín | 3456778 | ING. ALEJANDRO TABORDA | mgiraldoe@argos.com.co | 3006786789 | [Then result search updated customer]]
[Test worker] INFO net.thucydides.core.steps.ConsoleLoggingListener - FINISHING STEP
[Test worker] WARN net.thucydides.core.steps.BaseStepListener - stepFinished: current outcome:User can consult customer details:Example: {name=CONCRETOS ARGOS S.A, email=mantenimientozno@argos.com.co, nit=860350697-4, address=CALLE 72 #  64C - 55 Medellín, tel=3456778, contact=ING. ALEJANDRO TABORDA, emailcontact=mgiraldoe@argos.com.co, cel=3006786789} [Given user is loged on page with email "administrador@gmail.com" and Password "password" [user opens the web site [user opens the Login page], user login site [user enters 'administrador@gmail.com' into , user enters 'password' into , user clicks on ]], When user search an customer CONCRETOS ARGOS S.A [user consult customer information [user clicks on , user enters 'CONCRETOS ARGOS S.A' into ]], And user select an customer CONCRETOS ARGOS S.A [user details customer [user clicks on , user clicks on ]], Then user sees customer information
| name | email | nit | address | tel | contact | emailcontact | cel |
| CONCRETOS ARGOS S.A | mantenimientozno@argos.com.co | 860350697-4 | CALLE 72 #  64C - 55 Medellín | 3456778 | ING. ALEJANDRO TABORDA | mgiraldoe@argos.com.co | 3006786789 | [Then result search updated customer]]
[Test worker] INFO net.thucydides.core.steps.ConsoleLoggingListener - FINISHING STEP
[Test worker] WARN net.thucydides.core.steps.BaseStepListener - stepFinished: current outcome:User can consult customer details:Example: {name=CONCRETOS ARGOS S.A, email=mantenimientozno@argos.com.co, nit=860350697-4, address=CALLE 72 #  64C - 55 Medellín, tel=3456778, contact=ING. ALEJANDRO TABORDA, emailcontact=mgiraldoe@argos.com.co, cel=3006786789} [Given user is loged on page with email "administrador@gmail.com" and Password "password" [user opens the web site [user opens the Login page], user login site [user enters 'administrador@gmail.com' into , user enters 'password' into , user clicks on ]], When user search an customer CONCRETOS ARGOS S.A [user consult customer information [user clicks on , user enters 'CONCRETOS ARGOS S.A' into ]], And user select an customer CONCRETOS ARGOS S.A [user details customer [user clicks on , user clicks on ]], Then user sees customer information
| name | email | nit | address | tel | contact | emailcontact | cel |
| CONCRETOS ARGOS S.A | mantenimientozno@argos.com.co | 860350697-4 | CALLE 72 #  64C - 55 Medellín | 3456778 | ING. ALEJANDRO TABORDA | mgiraldoe@argos.com.co | 3006786789 | [Then result search updated customer]]
[Test worker] INFO net.thucydides.core.steps.ConsoleLoggingListener - FINISHING STEP
[Test worker] WARN net.thucydides.core.steps.BaseStepListener - testFinished: User can consult customer details:Example: {name=CONCRETOS ARGOS S.A, email=mantenimientozno@argos.com.co, nit=860350697-4, address=CALLE 72 #  64C - 55 Medellín, tel=3456778, contact=ING. ALEJANDRO TABORDA, emailcontact=mgiraldoe@argos.com.co, cel=3006786789} [Given user is loged on page with email "administrador@gmail.com" and Password "password" [user opens the web site [user opens the Login page], user login site [user enters 'administrador@gmail.com' into , user enters 'password' into , user clicks on ]], When user search an customer CONCRETOS ARGOS S.A [user consult customer information [user clicks on , user enters 'CONCRETOS ARGOS S.A' into ]], And user select an customer CONCRETOS ARGOS S.A [user details customer [user clicks on , user clicks on ]], Then user sees customer information
| name | email | nit | address | tel | contact | emailcontact | cel |
| CONCRETOS ARGOS S.A | mantenimientozno@argos.com.co | 860350697-4 | CALLE 72 #  64C - 55 Medellín | 3456778 | ING. ALEJANDRO TABORDA | mgiraldoe@argos.com.co | 3006786789 | [Then result search updated customer]]
[Test worker] WARN net.thucydides.core.steps.BaseStepListener - TestOutcomes: [User can consult customer details:Example: {name=CONCRETOS ARGOS S.A, email=mantenimientozno@argos.com.co, nit=860350697-4, address=CALLE 72 #  64C - 55 Medellín, tel=3456778, contact=ING. ALEJANDRO TABORDA, emailcontact=mgiraldoe@argos.com.co, cel=3006786789} [Given user is loged on page with email "administrador@gmail.com" and Password "password" [user opens the web site [user opens the Login page], user login site [user enters 'administrador@gmail.com' into , user enters 'password' into , user clicks on ]], When user search an customer CONCRETOS ARGOS S.A [user consult customer information [user clicks on , user enters 'CONCRETOS ARGOS S.A' into ]], And user select an customer CONCRETOS ARGOS S.A [user details customer [user clicks on , user clicks on ]], Then user sees customer information
| name | email | nit | address | tel | contact | emailcontact | cel |
| CONCRETOS ARGOS S.A | mantenimientozno@argos.com.co | 860350697-4 | CALLE 72 #  64C - 55 Medellín | 3456778 | ING. ALEJANDRO TABORDA | mgiraldoe@argos.com.co | 3006786789 | [Then result search updated customer]]]
[Test worker] WARN net.thucydides.core.steps.BaseStepListener - Final testOutcomes: [User can consult customer details:Example: {name=CONCRETOS ARGOS S.A, email=mantenimientozno@argos.com.co, nit=860350697-4, address=CALLE 72 #  64C - 55 Medellín, tel=3456778, contact=ING. ALEJANDRO TABORDA, emailcontact=mgiraldoe@argos.com.co, cel=3006786789} [Given user is loged on page with email "administrador@gmail.com" and Password "password" [user opens the web site [user opens the Login page], user login site [user enters 'administrador@gmail.com' into , user enters 'password' into , user clicks on ]], When user search an customer CONCRETOS ARGOS S.A [user consult customer information [user clicks on , user enters 'CONCRETOS ARGOS S.A' into ]], And user select an customer CONCRETOS ARGOS S.A [user details customer [user clicks on , user clicks on ]], Then user sees customer information
| name | email | nit | address | tel | contact | emailcontact | cel |
| CONCRETOS ARGOS S.A | mantenimientozno@argos.com.co | 860350697-4 | CALLE 72 #  64C - 55 Medellín | 3456778 | ING. ALEJANDRO TABORDA | mgiraldoe@argos.com.co | 3006786789 | [Then result search updated customer]]]
[Test worker] INFO net.thucydides.core.steps.ConsoleLoggingListener - ?[92m
        __    _____ _____ ____ _____   ____   _    ____  ____  _____ ____  
  _     \ \  |_   _| ____/ ___|_   _| |  _ \ / \  / ___|/ ___|| ____|  _ \ 
 (_)_____| |   | | |  _| \___ \ | |   | |_) / _ \ \___ \\___ \|  _| | | | |
  _|_____| |   | | | |___ ___) || |   |  __/ ___ \ ___) |___) | |___| |_| |
 (_)     | |   |_| |_____|____/ |_|   |_| /_/   \_\____/|____/|_____|____/ 
        /_/                                                                

TEST PASSED: User can consult customer details
----------------------------------------------------------------------------?[0m
]]></system-err>
</testsuite>
