<?xml version="1.0" encoding="UTF-8"?>
<<<<<<< HEAD:build/test-results/test/TEST-com.aplicacionescsge.oleohidraulica.runners.Customer.xml
<testsuite name="com.aplicacionescsge.oleohidraulica.runners.Customer" tests="0" skipped="0" failures="0" errors="0" timestamp="1970-01-01T00:00:00" hostname="DESKTOP-E17N4K9" time="0.0">
  <properties/>
  <system-out><![CDATA[REGISTER BASE STEP LISTENER net.thucydides.core.steps.BaseStepListener@3060bf95

1 Scenarios (?[32m1 passed?[0m)
4 Steps (?[32m4 passed?[0m)
1m18,476s
=======
<testsuite name="com.aplicacionescsge.oleohidraulica.runners.Login" tests="0" skipped="0" failures="0" errors="0" timestamp="1970-01-01T00:00:00" hostname="DESKTOP-35IE40O" time="0.0">
  <properties/>
  <system-out><![CDATA[REGISTER BASE STEP LISTENER net.thucydides.core.steps.BaseStepListener@164ce8a

1 Scenarios (?[32m1 passed?[0m)
3 Steps (?[32m3 passed?[0m)
0m35,539s
>>>>>>> upstream/feature/creacionProyecto:build/test-results/test/TEST-com.aplicacionescsge.oleohidraulica.runners.Login.xml

]]></system-out>
  <system-err><![CDATA[[Test worker] INFO net.thucydides.core.steps.ConsoleLoggingListener - ?[96m

-------------------------------------------------------------------------------------
     _______. _______ .______       _______ .__   __.  __  .___________.____    ____ 
    /       ||   ____||   _  \     |   ____||  \ |  | |  | |           |\   \  /   / 
   |   (----`|  |__   |  |_)  |    |  |__   |   \|  | |  | `---|  |----` \   \/   /  
    \   \    |   __|  |      /     |   __|  |  . `  | |  |     |  |       \_    _/   
.----)   |   |  |____ |  |\  \----.|  |____ |  |\   | |  |     |  |         |  |     
|_______/    |_______|| _| `._____||_______||__| \__| |__|     |__|         |__|    
                                                                                     
 News and tutorials at http://www.serenity-bdd.info                                  
 Documentation at https://wakaleo.gitbooks.io/the-serenity-book/content/             
 Join the Serenity Community on Rocket Chat at https://serenity-bdd.rocket.chat      
 Serenity BDD Support and Training at http://serenity-bdd.info/#/trainingandsupport  
 Learn Serenity BDD online at http://serenity-dojo.com                               
-------------------------------------------------------------------------------------
?[0m
<<<<<<< HEAD:build/test-results/test/TEST-com.aplicacionescsge.oleohidraulica.runners.Customer.xml
[Test worker] INFO net.thucydides.core.steps.ConsoleLoggingListener - Test Suite Started: Manage customer
[Test worker] WARN net.thucydides.core.steps.BaseStepListener - testStarted: User can consult customer details/manage-customer;user-can-consult-customer-details
=======
[Test worker] INFO net.thucydides.core.steps.ConsoleLoggingListener - Test Suite Started: Login
[Test worker] WARN net.thucydides.core.steps.BaseStepListener - testStarted: User can successfully login/login;user-can-successfully-login
>>>>>>> upstream/feature/creacionProyecto:build/test-results/test/TEST-com.aplicacionescsge.oleohidraulica.runners.Login.xml
[Test worker] INFO net.thucydides.core.steps.ConsoleLoggingListener - 
 _____ _____ ____ _____   ____ _____  _    ____ _____ _____ ____  
|_   _| ____/ ___|_   _| / ___|_   _|/ \  |  _ \_   _| ____|  _ \ 
  | | |  _| \___ \ | |   \___ \ | | / _ \ | |_) || | |  _| | | | |
  | | | |___ ___) || |    ___) || |/ ___ \|  _ < | | | |___| |_| |
  |_| |_____|____/ |_|   |____/ |_/_/   \_\_| \_\|_| |_____|____/ 
                                                                  

<<<<<<< HEAD:build/test-results/test/TEST-com.aplicacionescsge.oleohidraulica.runners.Customer.xml
TEST STARTED: User can consult customer details
-------------------------------------------------------------------(manage-customer;user-can-consult-customer-details)
[Test worker] WARN net.thucydides.core.steps.BaseStepListener - stepStarted: net.thucydides.core.steps.ExecutedStepDescription@8e7a251
[Test worker] INFO net.thucydides.core.steps.ConsoleLoggingListener - STARTING STEP Example: {name=CONCRETOS ARGOS S.A, email=mantenimientozno@argos.com.co, nit=860350697-4, address=CALLE 72 #  64C - 55 MedellÃ­n, tel=3456778, contact=ING. ALEJANDRO TABORDA, emailcontact=mgiraldoe@argos.com.co, cel=3006786789}
=======
TEST STARTED: User can successfully login
-------------------------------------------------------------------(login;user-can-successfully-login)
[Test worker] WARN net.thucydides.core.steps.BaseStepListener - stepStarted: net.thucydides.core.steps.ExecutedStepDescription@2b36f0
[Test worker] INFO net.thucydides.core.steps.ConsoleLoggingListener - STARTING STEP Example: {email=administrador@gmail.com, password=password}
>>>>>>> upstream/feature/creacionProyecto:build/test-results/test/TEST-com.aplicacionescsge.oleohidraulica.runners.Login.xml
]]></system-err>
</testsuite>
