<?xml version="1.0" encoding="UTF-8"?>
<testsuite name="Manage user" tests="1" skipped="0" failures="0" errors="0" timestamp="2020-10-22T22:09:48" hostname="DESKTOP-OFEJ346" time="84.248">
  <properties/>
  <testcase name="User can cancel a modify register employee" classname="Manage user" time="84.248"/>
  <system-out><![CDATA[]]></system-out>
  <system-err><![CDATA[[Test worker] WARN net.thucydides.core.steps.BaseStepListener - stepStarted: net.thucydides.core.steps.ExecutedStepDescription@1066e875
[Test worker] INFO net.thucydides.core.steps.ConsoleLoggingListener - STARTING STEP Given user is loged on page with email "administrador@gmail.com" and Password "password"
[Test worker] INFO io.github.bonigarcia.wdm.WebDriverManager - Using chromedriver 86.0.4240.22 (since Google Chrome 86 is installed in your machine)
[Test worker] INFO io.github.bonigarcia.wdm.WebDriverManager - Exporting webdriver.chrome.driver as C:\Users\Lenovo ideapad 110\.m2\repository\webdriver\chromedriver\win32\86.0.4240.22\chromedriver.exe
Starting ChromeDriver 86.0.4240.22 (398b0743353ff36fb1b82468f63a3a93b4e2e89e-refs/branch-heads/4240@{#378}) on port 28689
Only local connections are allowed.
Please see https://chromedriver.chromium.org/security-considerations for suggestions on keeping ChromeDriver safe.
ChromeDriver was started successfully.
oct 22, 2020 5:10:00 PM org.openqa.selenium.remote.ProtocolHandshake createSession
INFORMACIÃ“N: Detected dialect: W3C
[Test worker] WARN net.thucydides.core.steps.BaseStepListener - stepStarted: net.thucydides.core.steps.ExecutedStepDescription@2751b442
[Test worker] INFO net.thucydides.core.steps.ConsoleLoggingListener - STARTING STEP user opens the web site
[Test worker] WARN net.thucydides.core.steps.BaseStepListener - stepStarted: net.thucydides.core.steps.ExecutedStepDescription@7c736d06
[Test worker] INFO net.thucydides.core.steps.ConsoleLoggingListener - STARTING STEP user opens the Login page
[Test worker] WARN net.thucydides.core.steps.BaseStepListener - stepFinished: current outcome:User can cancel a modify register employee:Example: {name=Ortiz, email=jsortiz29@misena.edu.co, id=12345678, role=super usuario} [Given user is loged on page with email "administrador@gmail.com" and Password "password" [user opens the web site [user opens the Login page]]]
[Test worker] INFO net.thucydides.core.steps.ConsoleLoggingListener - FINISHING STEP
[Test worker] WARN net.thucydides.core.steps.BaseStepListener - stepFinished: current outcome:User can cancel a modify register employee:Example: {name=Ortiz, email=jsortiz29@misena.edu.co, id=12345678, role=super usuario} [Given user is loged on page with email "administrador@gmail.com" and Password "password" [user opens the web site [user opens the Login page]]]
[Test worker] INFO net.thucydides.core.steps.ConsoleLoggingListener - FINISHING STEP
[Test worker] WARN net.thucydides.core.steps.BaseStepListener - stepStarted: net.thucydides.core.steps.ExecutedStepDescription@2fa82e68
[Test worker] INFO net.thucydides.core.steps.ConsoleLoggingListener - STARTING STEP user login site
[Test worker] WARN net.thucydides.core.steps.BaseStepListener - stepStarted: net.thucydides.core.steps.ExecutedStepDescription@7c7c64b4
[Test worker] INFO net.thucydides.core.steps.ConsoleLoggingListener - STARTING STEP user enters 'administrador@gmail.com' into 
[Test worker] WARN net.thucydides.core.steps.BaseStepListener - stepFinished: current outcome:User can cancel a modify register employee:Example: {name=Ortiz, email=jsortiz29@misena.edu.co, id=12345678, role=super usuario} [Given user is loged on page with email "administrador@gmail.com" and Password "password" [user opens the web site [user opens the Login page], user login site [user enters 'administrador@gmail.com' into ]]]
[Test worker] INFO net.thucydides.core.steps.ConsoleLoggingListener - FINISHING STEP
[Test worker] WARN net.thucydides.core.steps.BaseStepListener - stepStarted: net.thucydides.core.steps.ExecutedStepDescription@304c285e
[Test worker] INFO net.thucydides.core.steps.ConsoleLoggingListener - STARTING STEP user enters 'password' into 
[Test worker] WARN net.thucydides.core.steps.BaseStepListener - stepFinished: current outcome:User can cancel a modify register employee:Example: {name=Ortiz, email=jsortiz29@misena.edu.co, id=12345678, role=super usuario} [Given user is loged on page with email "administrador@gmail.com" and Password "password" [user opens the web site [user opens the Login page], user login site [user enters 'administrador@gmail.com' into , user enters 'password' into ]]]
[Test worker] INFO net.thucydides.core.steps.ConsoleLoggingListener - FINISHING STEP
[Test worker] WARN net.thucydides.core.steps.BaseStepListener - stepStarted: net.thucydides.core.steps.ExecutedStepDescription@578b1ec2
[Test worker] INFO net.thucydides.core.steps.ConsoleLoggingListener - STARTING STEP user clicks on 
[Test worker] WARN net.thucydides.core.steps.BaseStepListener - stepFinished: current outcome:User can cancel a modify register employee:Example: {name=Ortiz, email=jsortiz29@misena.edu.co, id=12345678, role=super usuario} [Given user is loged on page with email "administrador@gmail.com" and Password "password" [user opens the web site [user opens the Login page], user login site [user enters 'administrador@gmail.com' into , user enters 'password' into , user clicks on ]]]
[Test worker] INFO net.thucydides.core.steps.ConsoleLoggingListener - FINISHING STEP
[Test worker] WARN net.thucydides.core.steps.BaseStepListener - stepFinished: current outcome:User can cancel a modify register employee:Example: {name=Ortiz, email=jsortiz29@misena.edu.co, id=12345678, role=super usuario} [Given user is loged on page with email "administrador@gmail.com" and Password "password" [user opens the web site [user opens the Login page], user login site [user enters 'administrador@gmail.com' into , user enters 'password' into , user clicks on ]]]
[Test worker] INFO net.thucydides.core.steps.ConsoleLoggingListener - FINISHING STEP
[Test worker] WARN net.thucydides.core.steps.BaseStepListener - stepFinished: current outcome:User can cancel a modify register employee:Example: {name=Ortiz, email=jsortiz29@misena.edu.co, id=12345678, role=super usuario} [Given user is loged on page with email "administrador@gmail.com" and Password "password" [user opens the web site [user opens the Login page], user login site [user enters 'administrador@gmail.com' into , user enters 'password' into , user clicks on ]]]
[Test worker] INFO net.thucydides.core.steps.ConsoleLoggingListener - FINISHING STEP
[Test worker] WARN net.thucydides.core.steps.BaseStepListener - stepStarted: net.thucydides.core.steps.ExecutedStepDescription@7730a416
[Test worker] INFO net.thucydides.core.steps.ConsoleLoggingListener - STARTING STEP When user looks for employee Ortiz to update their information
[Test worker] WARN net.thucydides.core.steps.BaseStepListener - stepStarted: net.thucydides.core.steps.ExecutedStepDescription@60c8af11
[Test worker] INFO net.thucydides.core.steps.ConsoleLoggingListener - STARTING STEP user edit user
[Test worker] WARN net.thucydides.core.steps.BaseStepListener - stepStarted: net.thucydides.core.steps.ExecutedStepDescription@6de4e8aa
[Test worker] INFO net.thucydides.core.steps.ConsoleLoggingListener - STARTING STEP user clicks on 
[Test worker] WARN net.thucydides.core.steps.BaseStepListener - stepFinished: current outcome:User can cancel a modify register employee:Example: {name=Ortiz, email=jsortiz29@misena.edu.co, id=12345678, role=super usuario} [Given user is loged on page with email "administrador@gmail.com" and Password "password" [user opens the web site [user opens the Login page], user login site [user enters 'administrador@gmail.com' into , user enters 'password' into , user clicks on ]], When user looks for employee Ortiz to update their information [user edit user [user clicks on ]]]
[Test worker] INFO net.thucydides.core.steps.ConsoleLoggingListener - FINISHING STEP
[Test worker] WARN net.thucydides.core.steps.BaseStepListener - stepStarted: net.thucydides.core.steps.ExecutedStepDescription@28ed20c5
[Test worker] INFO net.thucydides.core.steps.ConsoleLoggingListener - STARTING STEP user enters 'Ortiz' into 
[Test worker] WARN net.thucydides.core.steps.BaseStepListener - stepFinished: current outcome:User can cancel a modify register employee:Example: {name=Ortiz, email=jsortiz29@misena.edu.co, id=12345678, role=super usuario} [Given user is loged on page with email "administrador@gmail.com" and Password "password" [user opens the web site [user opens the Login page], user login site [user enters 'administrador@gmail.com' into , user enters 'password' into , user clicks on ]], When user looks for employee Ortiz to update their information [user edit user [user clicks on , user enters 'Ortiz' into ]]]
[Test worker] INFO net.thucydides.core.steps.ConsoleLoggingListener - FINISHING STEP
[Test worker] WARN net.thucydides.core.steps.BaseStepListener - stepStarted: net.thucydides.core.steps.ExecutedStepDescription@6b0838de
[Test worker] INFO net.thucydides.core.steps.ConsoleLoggingListener - STARTING STEP user clicks on 
[Test worker] WARN net.thucydides.core.steps.BaseStepListener - stepFinished: current outcome:User can cancel a modify register employee:Example: {name=Ortiz, email=jsortiz29@misena.edu.co, id=12345678, role=super usuario} [Given user is loged on page with email "administrador@gmail.com" and Password "password" [user opens the web site [user opens the Login page], user login site [user enters 'administrador@gmail.com' into , user enters 'password' into , user clicks on ]], When user looks for employee Ortiz to update their information [user edit user [user clicks on , user enters 'Ortiz' into , user clicks on ]]]
[Test worker] INFO net.thucydides.core.steps.ConsoleLoggingListener - FINISHING STEP
[Test worker] WARN net.thucydides.core.steps.BaseStepListener - stepStarted: net.thucydides.core.steps.ExecutedStepDescription@1ef70ab4
[Test worker] INFO net.thucydides.core.steps.ConsoleLoggingListener - STARTING STEP user clicks on 
[Test worker] WARN net.thucydides.core.steps.BaseStepListener - stepFinished: current outcome:User can cancel a modify register employee:Example: {name=Ortiz, email=jsortiz29@misena.edu.co, id=12345678, role=super usuario} [Given user is loged on page with email "administrador@gmail.com" and Password "password" [user opens the web site [user opens the Login page], user login site [user enters 'administrador@gmail.com' into , user enters 'password' into , user clicks on ]], When user looks for employee Ortiz to update their information [user edit user [user clicks on , user enters 'Ortiz' into , user clicks on , user clicks on ]]]
[Test worker] INFO net.thucydides.core.steps.ConsoleLoggingListener - FINISHING STEP
[Test worker] WARN net.thucydides.core.steps.BaseStepListener - stepFinished: current outcome:User can cancel a modify register employee:Example: {name=Ortiz, email=jsortiz29@misena.edu.co, id=12345678, role=super usuario} [Given user is loged on page with email "administrador@gmail.com" and Password "password" [user opens the web site [user opens the Login page], user login site [user enters 'administrador@gmail.com' into , user enters 'password' into , user clicks on ]], When user looks for employee Ortiz to update their information [user edit user [user clicks on , user enters 'Ortiz' into , user clicks on , user clicks on ]]]
[Test worker] INFO net.thucydides.core.steps.ConsoleLoggingListener - FINISHING STEP
[Test worker] WARN net.thucydides.core.steps.BaseStepListener - stepFinished: current outcome:User can cancel a modify register employee:Example: {name=Ortiz, email=jsortiz29@misena.edu.co, id=12345678, role=super usuario} [Given user is loged on page with email "administrador@gmail.com" and Password "password" [user opens the web site [user opens the Login page], user login site [user enters 'administrador@gmail.com' into , user enters 'password' into , user clicks on ]], When user looks for employee Ortiz to update their information [user edit user [user clicks on , user enters 'Ortiz' into , user clicks on , user clicks on ]]]
[Test worker] INFO net.thucydides.core.steps.ConsoleLoggingListener - FINISHING STEP
[Test worker] WARN net.thucydides.core.steps.BaseStepListener - stepStarted: net.thucydides.core.steps.ExecutedStepDescription@495d2857
[Test worker] INFO net.thucydides.core.steps.ConsoleLoggingListener - STARTING STEP And user enters same data
| name | email | id | role |
| Ortiz | cancelar@misena.edu.co | 1346367 | tÃ©cnico |
[Test worker] WARN net.thucydides.core.steps.BaseStepListener - stepStarted: net.thucydides.core.steps.ExecutedStepDescription@6a7be712
[Test worker] INFO net.thucydides.core.steps.ConsoleLoggingListener - STARTING STEP user update user
[Test worker] WARN net.thucydides.core.steps.BaseStepListener - stepStarted: net.thucydides.core.steps.ExecutedStepDescription@7891fbae
[Test worker] INFO net.thucydides.core.steps.ConsoleLoggingListener - STARTING STEP user waiting for items
[Test worker] WARN net.thucydides.core.steps.BaseStepListener - stepFinished: current outcome:User can cancel a modify register employee:Example: {name=Ortiz, email=jsortiz29@misena.edu.co, id=12345678, role=super usuario} [Given user is loged on page with email "administrador@gmail.com" and Password "password" [user opens the web site [user opens the Login page], user login site [user enters 'administrador@gmail.com' into , user enters 'password' into , user clicks on ]], When user looks for employee Ortiz to update their information [user edit user [user clicks on , user enters 'Ortiz' into , user clicks on , user clicks on ]], And user enters same data
| name | email | id | role |
| Ortiz | cancelar@misena.edu.co | 1346367 | tÃ©cnico | [user update user [user waiting for items]]]
[Test worker] INFO net.thucydides.core.steps.ConsoleLoggingListener - FINISHING STEP
[Test worker] WARN net.thucydides.core.steps.BaseStepListener - stepStarted: net.thucydides.core.steps.ExecutedStepDescription@3f19ebae
[Test worker] INFO net.thucydides.core.steps.ConsoleLoggingListener - STARTING STEP user enters 'Ortiz' into 
[Test worker] WARN net.thucydides.core.steps.BaseStepListener - stepFinished: current outcome:User can cancel a modify register employee:Example: {name=Ortiz, email=jsortiz29@misena.edu.co, id=12345678, role=super usuario} [Given user is loged on page with email "administrador@gmail.com" and Password "password" [user opens the web site [user opens the Login page], user login site [user enters 'administrador@gmail.com' into , user enters 'password' into , user clicks on ]], When user looks for employee Ortiz to update their information [user edit user [user clicks on , user enters 'Ortiz' into , user clicks on , user clicks on ]], And user enters same data
| name | email | id | role |
| Ortiz | cancelar@misena.edu.co | 1346367 | tÃ©cnico | [user update user [user waiting for items, user enters 'Ortiz' into ]]]
[Test worker] INFO net.thucydides.core.steps.ConsoleLoggingListener - FINISHING STEP
[Test worker] WARN net.thucydides.core.steps.BaseStepListener - stepStarted: net.thucydides.core.steps.ExecutedStepDescription@f18b14d
[Test worker] INFO net.thucydides.core.steps.ConsoleLoggingListener - STARTING STEP user enters 'cancelar@misena.edu.co' into 
[Test worker] WARN net.thucydides.core.steps.BaseStepListener - stepFinished: current outcome:User can cancel a modify register employee:Example: {name=Ortiz, email=jsortiz29@misena.edu.co, id=12345678, role=super usuario} [Given user is loged on page with email "administrador@gmail.com" and Password "password" [user opens the web site [user opens the Login page], user login site [user enters 'administrador@gmail.com' into , user enters 'password' into , user clicks on ]], When user looks for employee Ortiz to update their information [user edit user [user clicks on , user enters 'Ortiz' into , user clicks on , user clicks on ]], And user enters same data
| name | email | id | role |
| Ortiz | cancelar@misena.edu.co | 1346367 | tÃ©cnico | [user update user [user waiting for items, user enters 'Ortiz' into , user enters 'cancelar@misena.edu.co' into ]]]
[Test worker] INFO net.thucydides.core.steps.ConsoleLoggingListener - FINISHING STEP
[Test worker] WARN net.thucydides.core.steps.BaseStepListener - stepStarted: net.thucydides.core.steps.ExecutedStepDescription@3247e9fe
[Test worker] INFO net.thucydides.core.steps.ConsoleLoggingListener - STARTING STEP user enters '1346367' into 
[Test worker] WARN net.thucydides.core.steps.BaseStepListener - stepFinished: current outcome:User can cancel a modify register employee:Example: {name=Ortiz, email=jsortiz29@misena.edu.co, id=12345678, role=super usuario} [Given user is loged on page with email "administrador@gmail.com" and Password "password" [user opens the web site [user opens the Login page], user login site [user enters 'administrador@gmail.com' into , user enters 'password' into , user clicks on ]], When user looks for employee Ortiz to update their information [user edit user [user clicks on , user enters 'Ortiz' into , user clicks on , user clicks on ]], And user enters same data
| name | email | id | role |
| Ortiz | cancelar@misena.edu.co | 1346367 | tÃ©cnico | [user update user [user waiting for items, user enters 'Ortiz' into , user enters 'cancelar@misena.edu.co' into , user enters '1346367' into ]]]
[Test worker] INFO net.thucydides.core.steps.ConsoleLoggingListener - FINISHING STEP
[Test worker] WARN net.thucydides.core.steps.BaseStepListener - stepStarted: net.thucydides.core.steps.ExecutedStepDescription@375b2374
[Test worker] INFO net.thucydides.core.steps.ConsoleLoggingListener - STARTING STEP user clicks on 
[Test worker] WARN net.thucydides.core.steps.BaseStepListener - stepFinished: current outcome:User can cancel a modify register employee:Example: {name=Ortiz, email=jsortiz29@misena.edu.co, id=12345678, role=super usuario} [Given user is loged on page with email "administrador@gmail.com" and Password "password" [user opens the web site [user opens the Login page], user login site [user enters 'administrador@gmail.com' into , user enters 'password' into , user clicks on ]], When user looks for employee Ortiz to update their information [user edit user [user clicks on , user enters 'Ortiz' into , user clicks on , user clicks on ]], And user enters same data
| name | email | id | role |
| Ortiz | cancelar@misena.edu.co | 1346367 | tÃ©cnico | [user update user [user waiting for items, user enters 'Ortiz' into , user enters 'cancelar@misena.edu.co' into , user enters '1346367' into , user clicks on ]]]
[Test worker] INFO net.thucydides.core.steps.ConsoleLoggingListener - FINISHING STEP
[Test worker] WARN net.thucydides.core.steps.BaseStepListener - stepStarted: net.thucydides.core.steps.ExecutedStepDescription@1c774bf5
[Test worker] INFO net.thucydides.core.steps.ConsoleLoggingListener - STARTING STEP user clicks on 
[Test worker] WARN net.thucydides.core.steps.BaseStepListener - stepFinished: current outcome:User can cancel a modify register employee:Example: {name=Ortiz, email=jsortiz29@misena.edu.co, id=12345678, role=super usuario} [Given user is loged on page with email "administrador@gmail.com" and Password "password" [user opens the web site [user opens the Login page], user login site [user enters 'administrador@gmail.com' into , user enters 'password' into , user clicks on ]], When user looks for employee Ortiz to update their information [user edit user [user clicks on , user enters 'Ortiz' into , user clicks on , user clicks on ]], And user enters same data
| name | email | id | role |
| Ortiz | cancelar@misena.edu.co | 1346367 | tÃ©cnico | [user update user [user waiting for items, user enters 'Ortiz' into , user enters 'cancelar@misena.edu.co' into , user enters '1346367' into , user clicks on , user clicks on ]]]
[Test worker] INFO net.thucydides.core.steps.ConsoleLoggingListener - FINISHING STEP
[Test worker] WARN net.thucydides.core.steps.BaseStepListener - stepStarted: net.thucydides.core.steps.ExecutedStepDescription@e3e9967
[Test worker] INFO net.thucydides.core.steps.ConsoleLoggingListener - STARTING STEP user clicks on 
[Test worker] WARN net.thucydides.core.steps.BaseStepListener - stepFinished: current outcome:User can cancel a modify register employee:Example: {name=Ortiz, email=jsortiz29@misena.edu.co, id=12345678, role=super usuario} [Given user is loged on page with email "administrador@gmail.com" and Password "password" [user opens the web site [user opens the Login page], user login site [user enters 'administrador@gmail.com' into , user enters 'password' into , user clicks on ]], When user looks for employee Ortiz to update their information [user edit user [user clicks on , user enters 'Ortiz' into , user clicks on , user clicks on ]], And user enters same data
| name | email | id | role |
| Ortiz | cancelar@misena.edu.co | 1346367 | tÃ©cnico | [user update user [user waiting for items, user enters 'Ortiz' into , user enters 'cancelar@misena.edu.co' into , user enters '1346367' into , user clicks on , user clicks on , user clicks on ]]]
[Test worker] INFO net.thucydides.core.steps.ConsoleLoggingListener - FINISHING STEP
[Test worker] WARN net.thucydides.core.steps.BaseStepListener - stepStarted: net.thucydides.core.steps.ExecutedStepDescription@daf5173
[Test worker] INFO net.thucydides.core.steps.ConsoleLoggingListener - STARTING STEP user clicks on 
[Test worker] WARN net.thucydides.core.steps.BaseStepListener - stepFinished: current outcome:User can cancel a modify register employee:Example: {name=Ortiz, email=jsortiz29@misena.edu.co, id=12345678, role=super usuario} [Given user is loged on page with email "administrador@gmail.com" and Password "password" [user opens the web site [user opens the Login page], user login site [user enters 'administrador@gmail.com' into , user enters 'password' into , user clicks on ]], When user looks for employee Ortiz to update their information [user edit user [user clicks on , user enters 'Ortiz' into , user clicks on , user clicks on ]], And user enters same data
| name | email | id | role |
| Ortiz | cancelar@misena.edu.co | 1346367 | tÃ©cnico | [user update user [user waiting for items, user enters 'Ortiz' into , user enters 'cancelar@misena.edu.co' into , user enters '1346367' into , user clicks on , user clicks on , user clicks on , user clicks on ]]]
[Test worker] INFO net.thucydides.core.steps.ConsoleLoggingListener - FINISHING STEP
[Test worker] WARN net.thucydides.core.steps.BaseStepListener - stepFinished: current outcome:User can cancel a modify register employee:Example: {name=Ortiz, email=jsortiz29@misena.edu.co, id=12345678, role=super usuario} [Given user is loged on page with email "administrador@gmail.com" and Password "password" [user opens the web site [user opens the Login page], user login site [user enters 'administrador@gmail.com' into , user enters 'password' into , user clicks on ]], When user looks for employee Ortiz to update their information [user edit user [user clicks on , user enters 'Ortiz' into , user clicks on , user clicks on ]], And user enters same data
| name | email | id | role |
| Ortiz | cancelar@misena.edu.co | 1346367 | tÃ©cnico | [user update user [user waiting for items, user enters 'Ortiz' into , user enters 'cancelar@misena.edu.co' into , user enters '1346367' into , user clicks on , user clicks on , user clicks on , user clicks on ]]]
[Test worker] INFO net.thucydides.core.steps.ConsoleLoggingListener - FINISHING STEP
[Test worker] WARN net.thucydides.core.steps.BaseStepListener - stepFinished: current outcome:User can cancel a modify register employee:Example: {name=Ortiz, email=jsortiz29@misena.edu.co, id=12345678, role=super usuario} [Given user is loged on page with email "administrador@gmail.com" and Password "password" [user opens the web site [user opens the Login page], user login site [user enters 'administrador@gmail.com' into , user enters 'password' into , user clicks on ]], When user looks for employee Ortiz to update their information [user edit user [user clicks on , user enters 'Ortiz' into , user clicks on , user clicks on ]], And user enters same data
| name | email | id | role |
| Ortiz | cancelar@misena.edu.co | 1346367 | tÃ©cnico | [user update user [user waiting for items, user enters 'Ortiz' into , user enters 'cancelar@misena.edu.co' into , user enters '1346367' into , user clicks on , user clicks on , user clicks on , user clicks on ]]]
[Test worker] INFO net.thucydides.core.steps.ConsoleLoggingListener - FINISHING STEP
[Test worker] WARN net.thucydides.core.steps.BaseStepListener - stepStarted: net.thucydides.core.steps.ExecutedStepDescription@58474f5c
[Test worker] INFO net.thucydides.core.steps.ConsoleLoggingListener - STARTING STEP Then user sees same information's employee
| name | email | id | role |
| Ortiz | jsortiz29@misena.edu.co | 12345678 | super usuario |
[Test worker] WARN net.thucydides.core.steps.BaseStepListener - stepStarted: net.thucydides.core.steps.ExecutedStepDescription@10856cc7
[Test worker] INFO net.thucydides.core.steps.ConsoleLoggingListener - STARTING STEP Then result search updated user
[Test worker] WARN net.thucydides.core.steps.BaseStepListener - stepFinished: current outcome:User can cancel a modify register employee:Example: {name=Ortiz, email=jsortiz29@misena.edu.co, id=12345678, role=super usuario} [Given user is loged on page with email "administrador@gmail.com" and Password "password" [user opens the web site [user opens the Login page], user login site [user enters 'administrador@gmail.com' into , user enters 'password' into , user clicks on ]], When user looks for employee Ortiz to update their information [user edit user [user clicks on , user enters 'Ortiz' into , user clicks on , user clicks on ]], And user enters same data
| name | email | id | role |
| Ortiz | cancelar@misena.edu.co | 1346367 | tÃ©cnico | [user update user [user waiting for items, user enters 'Ortiz' into , user enters 'cancelar@misena.edu.co' into , user enters '1346367' into , user clicks on , user clicks on , user clicks on , user clicks on ]], Then user sees same information's employee
| name | email | id | role |
| Ortiz | jsortiz29@misena.edu.co | 12345678 | super usuario | [Then result search updated user]]
[Test worker] INFO net.thucydides.core.steps.ConsoleLoggingListener - FINISHING STEP
[Test worker] WARN net.thucydides.core.steps.BaseStepListener - stepFinished: current outcome:User can cancel a modify register employee:Example: {name=Ortiz, email=jsortiz29@misena.edu.co, id=12345678, role=super usuario} [Given user is loged on page with email "administrador@gmail.com" and Password "password" [user opens the web site [user opens the Login page], user login site [user enters 'administrador@gmail.com' into , user enters 'password' into , user clicks on ]], When user looks for employee Ortiz to update their information [user edit user [user clicks on , user enters 'Ortiz' into , user clicks on , user clicks on ]], And user enters same data
| name | email | id | role |
| Ortiz | cancelar@misena.edu.co | 1346367 | tÃ©cnico | [user update user [user waiting for items, user enters 'Ortiz' into , user enters 'cancelar@misena.edu.co' into , user enters '1346367' into , user clicks on , user clicks on , user clicks on , user clicks on ]], Then user sees same information's employee
| name | email | id | role |
| Ortiz | jsortiz29@misena.edu.co | 12345678 | super usuario | [Then result search updated user]]
[Test worker] INFO net.thucydides.core.steps.ConsoleLoggingListener - FINISHING STEP
[Test worker] WARN net.thucydides.core.steps.BaseStepListener - stepFinished: current outcome:User can cancel a modify register employee:Example: {name=Ortiz, email=jsortiz29@misena.edu.co, id=12345678, role=super usuario} [Given user is loged on page with email "administrador@gmail.com" and Password "password" [user opens the web site [user opens the Login page], user login site [user enters 'administrador@gmail.com' into , user enters 'password' into , user clicks on ]], When user looks for employee Ortiz to update their information [user edit user [user clicks on , user enters 'Ortiz' into , user clicks on , user clicks on ]], And user enters same data
| name | email | id | role |
| Ortiz | cancelar@misena.edu.co | 1346367 | tÃ©cnico | [user update user [user waiting for items, user enters 'Ortiz' into , user enters 'cancelar@misena.edu.co' into , user enters '1346367' into , user clicks on , user clicks on , user clicks on , user clicks on ]], Then user sees same information's employee
| name | email | id | role |
| Ortiz | jsortiz29@misena.edu.co | 12345678 | super usuario | [Then result search updated user]]
[Test worker] INFO net.thucydides.core.steps.ConsoleLoggingListener - FINISHING STEP
[Test worker] WARN net.thucydides.core.steps.BaseStepListener - testFinished: User can cancel a modify register employee:Example: {name=Ortiz, email=jsortiz29@misena.edu.co, id=12345678, role=super usuario} [Given user is loged on page with email "administrador@gmail.com" and Password "password" [user opens the web site [user opens the Login page], user login site [user enters 'administrador@gmail.com' into , user enters 'password' into , user clicks on ]], When user looks for employee Ortiz to update their information [user edit user [user clicks on , user enters 'Ortiz' into , user clicks on , user clicks on ]], And user enters same data
| name | email | id | role |
| Ortiz | cancelar@misena.edu.co | 1346367 | tÃ©cnico | [user update user [user waiting for items, user enters 'Ortiz' into , user enters 'cancelar@misena.edu.co' into , user enters '1346367' into , user clicks on , user clicks on , user clicks on , user clicks on ]], Then user sees same information's employee
| name | email | id | role |
| Ortiz | jsortiz29@misena.edu.co | 12345678 | super usuario | [Then result search updated user]]
[Test worker] WARN net.thucydides.core.steps.BaseStepListener - TestOutcomes: [User can cancel a modify register employee:Example: {name=Ortiz, email=jsortiz29@misena.edu.co, id=12345678, role=super usuario} [Given user is loged on page with email "administrador@gmail.com" and Password "password" [user opens the web site [user opens the Login page], user login site [user enters 'administrador@gmail.com' into , user enters 'password' into , user clicks on ]], When user looks for employee Ortiz to update their information [user edit user [user clicks on , user enters 'Ortiz' into , user clicks on , user clicks on ]], And user enters same data
| name | email | id | role |
| Ortiz | cancelar@misena.edu.co | 1346367 | tÃ©cnico | [user update user [user waiting for items, user enters 'Ortiz' into , user enters 'cancelar@misena.edu.co' into , user enters '1346367' into , user clicks on , user clicks on , user clicks on , user clicks on ]], Then user sees same information's employee
| name | email | id | role |
| Ortiz | jsortiz29@misena.edu.co | 12345678 | super usuario | [Then result search updated user]]]
[Test worker] WARN net.thucydides.core.steps.BaseStepListener - Final testOutcomes: [User can cancel a modify register employee:Example: {name=Ortiz, email=jsortiz29@misena.edu.co, id=12345678, role=super usuario} [Given user is loged on page with email "administrador@gmail.com" and Password "password" [user opens the web site [user opens the Login page], user login site [user enters 'administrador@gmail.com' into , user enters 'password' into , user clicks on ]], When user looks for employee Ortiz to update their information [user edit user [user clicks on , user enters 'Ortiz' into , user clicks on , user clicks on ]], And user enters same data
| name | email | id | role |
| Ortiz | cancelar@misena.edu.co | 1346367 | tÃ©cnico | [user update user [user waiting for items, user enters 'Ortiz' into , user enters 'cancelar@misena.edu.co' into , user enters '1346367' into , user clicks on , user clicks on , user clicks on , user clicks on ]], Then user sees same information's employee
| name | email | id | role |
| Ortiz | jsortiz29@misena.edu.co | 12345678 | super usuario | [Then result search updated user]]]
[Test worker] INFO net.thucydides.core.steps.ConsoleLoggingListener - ?[92m
        __    _____ _____ ____ _____   ____   _    ____  ____  _____ ____  
  _     \ \  |_   _| ____/ ___|_   _| |  _ \ / \  / ___|/ ___|| ____|  _ \ 
 (_)_____| |   | | |  _| \___ \ | |   | |_) / _ \ \___ \\___ \|  _| | | | |
  _|_____| |   | | | |___ ___) || |   |  __/ ___ \ ___) |___) | |___| |_| |
 (_)     | |   |_| |_____|____/ |_|   |_| /_/   \_\____/|____/|_____|____/ 
        /_/                                                                

TEST PASSED: User can cancel a modify register employee
----------------------------------------------------------------------------?[0m
]]></system-err>
</testsuite>
